<?xml version="1.0" encoding="UTF-8"?>
<!-- Generated by org.testng.reporters.JUnitXMLReporter -->
<testsuite hostname="DESKTOP-49FTGHR" name="DataDriven Testing" tests="2" failures="0" timestamp="13 Mar 2018 16:23:15 GMT" time="14.201" errors="0">
  <testcase name="Register" time="0.294" classname="com.DataDriven.NewTours_NeUserRegistration_MultipleTestData"/>
  <testcase name="UserRegistration" time="8.462" classname="com.DataDriven.NewTours_NeUserRegistration_MultipleTestData"/>
</testsuite> <!-- DataDriven Testing -->
